,number,value,params_gamma,params_tau,state
285,285,38.34383438343835,1.3062399125504213e-06,0.023285687104525592,COMPLETE
286,286,39.2039203920392,1.4058730238674638e-06,0.025778776428667088,COMPLETE
287,287,39.49394939493949,7.530594189229167e-06,0.02402867043769371,COMPLETE
288,288,37.38373837383738,6.29080659027733e-06,0.016553855173493753,COMPLETE
289,289,38.77387738773878,1.363590640383025e-06,0.025897094343432087,COMPLETE
290,290,40.474047404740475,7.582504564591187e-06,0.06412682701604536,COMPLETE
291,291,38.34383438343835,1.3752763176640458e-06,0.02231757569335734,COMPLETE
292,292,40.134013401340134,6.524854399666949e-06,0.023368961169300765,COMPLETE
293,293,43.33433343334334,7.49664303962534e-06,0.0727187463199159,COMPLETE
294,294,38.57385738573858,7.55961776894875e-06,0.021444319576100955,COMPLETE
295,295,,9.715889244134151e-06,0.027137172970689134,RUNNING
296,296,,7.5828247426491455e-06,0.024301300176564903,RUNNING
297,297,,1.4552914080738653e-06,0.023452985753778417,RUNNING
298,298,,7.54776975630666e-06,0.024994738155920734,RUNNING
299,299,34.25342534253426,6.490505136693987e-06,0.023021479490983137,COMPLETE
300,300,36.99369936993699,6.535494153629304e-06,0.06264512991173078,COMPLETE
301,301,,6.471895877320662e-06,0.025540016345322776,RUNNING
302,302,36.633663366336634,6.326476915343668e-06,0.02494625531594364,COMPLETE
303,303,46.574657465746576,6.2340579558235805e-06,0.026996162223477983,COMPLETE
304,304,,6.463325840418792e-06,0.024186150361551178,RUNNING
305,305,,6.36454595581211e-06,0.02527938891583723,RUNNING
306,306,,6.520505563273397e-06,0.023676156328698957,RUNNING
307,307,,6.366198717779583e-06,0.023124879783804425,RUNNING
308,308,,7.49924521854651e-06,0.023368183347415913,RUNNING
309,309,,9.671488008043722e-06,0.024686643595719225,RUNNING
310,310,,6.4668215386964505e-06,0.045029172721663284,RUNNING
311,311,,9.105185869416807e-06,0.02307125242234613,RUNNING
312,312,,6.3559919605204165e-06,0.026483163888687343,RUNNING
313,313,39.07390739073907,6.248598019958466e-06,0.02448157059748354,COMPLETE
314,314,,9.726227370136505e-06,0.021748201892558806,RUNNING
315,315,,6.4291153700241985e-06,0.022891864090742446,RUNNING
316,316,,6.4359048525738046e-06,0.02324597760271172,RUNNING
317,317,,6.233609888760845e-06,0.021761843135298314,RUNNING
318,318,45.76457645764577,7.476450392033373e-06,0.044722197717337944,COMPLETE
319,319,,9.692327461536375e-06,0.04600348197989767,RUNNING
320,320,,6.425201248107637e-06,0.045864426806606344,RUNNING
321,321,41.95419541954195,6.045959904685394e-06,0.04609388629675556,COMPLETE
322,322,30.993099309930994,7.613045381185542e-06,0.04575791751976603,COMPLETE
323,323,,9.659080447714166e-06,0.04579124741596421,RUNNING
324,324,39.67396739673967,9.696728125073342e-06,0.04594106211233851,COMPLETE
325,325,39.843984398439844,7.4257798193509315e-06,0.045260000671782055,COMPLETE
326,326,39.123912391239124,6.085627406600171e-06,0.04480194678293798,COMPLETE
327,327,,9.68531856533895e-06,0.04557091031832727,RUNNING
328,328,39.00390039003901,9.721760272719369e-06,0.04563649147747897,COMPLETE
329,329,37.95379537953795,6.388618757666327e-06,0.020923025566594054,COMPLETE
330,330,,6.133404073154298e-06,0.021575032009663885,RUNNING
331,331,39.06390639063906,9.79398304056983e-06,0.045883258077836706,COMPLETE
332,332,39.703970397039704,9.05437160094767e-06,0.04614874909223855,COMPLETE
333,333,41.334133413341334,9.70930156711217e-06,0.046643918524480084,COMPLETE
334,334,,9.780874152940322e-06,0.021023099643120213,RUNNING
335,335,40.11401140114012,6.106955413690651e-06,0.044371477128063684,COMPLETE
336,336,39.463946394639464,9.036887268945017e-06,0.04629838517224877,COMPLETE
337,337,36.18361836183618,8.34263673204418e-06,0.046760530778438475,COMPLETE
338,338,,8.415809451221337e-06,0.04557950036719876,RUNNING
339,339,32.223222322232225,8.49176301269137e-06,0.046126783644035475,COMPLETE
340,340,37.843784378437846,9.703018797531877e-06,0.04684530201310017,COMPLETE
341,341,47.994799479948,9.01026464355613e-06,0.045582027733670843,COMPLETE
342,342,42.004200420042004,9.764650051677097e-06,0.045925694144140806,COMPLETE
343,343,39.093909390939096,9.746845790192467e-06,0.043267117774863216,COMPLETE
344,344,40.27402740274027,8.389172562131614e-06,0.04635700846551737,COMPLETE
345,345,40.21402140214022,9.713430762971981e-06,0.046784596790222274,COMPLETE
346,346,39.4039403940394,8.467264628250343e-06,0.045385274730060626,COMPLETE
347,347,37.68376837683768,9.07364466229732e-06,0.04606597842357138,COMPLETE
348,348,32.983298329832984,9.051616755982071e-06,0.046169812261449984,COMPLETE
349,349,,8.349657703686714e-06,0.04653555045595764,RUNNING
350,350,,9.765234758624716e-06,0.045969278938357276,RUNNING
351,351,45.35453545354535,8.486817599283218e-06,0.04672262352131092,COMPLETE
352,352,38.453845384538454,9.096596949151186e-06,0.04506616950405409,COMPLETE
353,353,45.57455745574558,9.786843222294629e-06,0.04381169445949429,COMPLETE
354,354,38.90389038903891,9.072748292892421e-06,0.045635671484741555,COMPLETE
355,355,36.70367036703671,9.80111074728684e-06,0.020745301042837345,COMPLETE
356,356,46.4046404640464,9.077930646858896e-06,0.04721947701336897,COMPLETE
357,357,38.313831383138314,9.041979692076421e-06,0.0635120348491752,COMPLETE
358,358,39.21392139213921,8.321973868161354e-06,0.04596610594833126,COMPLETE
359,359,,8.306417386928728e-06,0.045311432277001094,RUNNING
360,360,39.54395439543955,8.397893848360526e-06,0.04507624138313243,COMPLETE
361,361,,9.050290752183873e-06,0.04564047653594823,RUNNING
362,362,,9.030795227295563e-06,0.0461386883774687,RUNNING
363,363,,9.757134426200267e-06,0.04628495671844899,RUNNING
364,364,36.88368836883688,9.065185804784697e-06,0.045539348813972855,COMPLETE
365,365,,9.113413373302072e-06,0.04587304647953646,RUNNING
366,366,,8.355178848533823e-06,0.017049027390107878,RUNNING
367,367,45.86458645864587,9.083875754144647e-06,0.04496334671055944,COMPLETE
368,368,40.1040104010401,9.071020518839767e-06,0.04611990187115759,COMPLETE
369,369,22.922292229222922,9.047207940113428e-06,0.08988655943604801,COMPLETE
370,370,,9.062540795157247e-06,0.04593243319599472,RUNNING
371,371,,9.117604319076742e-06,0.04661879655521153,RUNNING
372,372,,8.251790423770335e-06,0.04561885796337607,RUNNING
373,373,,9.043507764732541e-06,0.046059148915507525,RUNNING
374,374,,9.067331413924246e-06,0.04552689054746223,RUNNING
375,375,,8.36011972505248e-06,0.04614585319996369,RUNNING
376,376,,9.084344037895594e-06,0.04593773856339355,RUNNING
377,377,,4.894958566787166e-06,0.04610679380095015,RUNNING
378,378,,9.116188908210013e-06,0.04578941178807701,RUNNING
379,379,,8.471984093207427e-06,0.07514108520268803,RUNNING
380,380,,9.086862539898938e-06,0.04671684150240402,RUNNING
381,381,,9.068225891025942e-06,0.04672877102654263,RUNNING
382,382,,6.7102535768930625e-06,0.04601222525146311,RUNNING
383,383,,6.664961704206546e-06,0.06477738576230778,RUNNING
384,384,,9.047688132219866e-06,0.04630842546385688,RUNNING
385,385,,9.148406540713199e-06,0.07669764852656455,RUNNING
386,386,,5.1128842313438436e-06,0.04494141178922951,RUNNING
387,387,,9.126133395546594e-06,0.04712644221657609,RUNNING
388,388,,9.06793025930682e-06,0.045738154517745384,RUNNING
389,389,,9.06650858928853e-06,0.07561769999227864,RUNNING
390,390,,4.445815542948127e-06,0.06425914885086526,RUNNING
391,391,,9.015513993569162e-06,0.0755142417978962,RUNNING
392,392,,7.2585481423890215e-06,0.07581536242708978,RUNNING
393,393,,5.064879045490098e-06,0.07624889855849872,RUNNING
394,394,,9.15256051523341e-06,0.06302620546839188,RUNNING
395,395,,9.075417905457762e-06,0.06421963370646883,RUNNING
396,396,,5.106083602968796e-06,0.07401727692736236,RUNNING
397,397,,9.014582637172536e-06,0.07305864867590917,RUNNING
398,398,,6.708473461525102e-06,0.049885482743955906,RUNNING
399,399,,6.623691170138574e-06,0.06846433511134799,RUNNING
400,400,,9.124681451463844e-06,0.07525096791747178,RUNNING
401,401,,9.026836893516413e-06,0.04955979304032477,RUNNING
402,402,,6.691031053129956e-06,0.06345011957380388,RUNNING
403,403,,4.4138972356042754e-06,0.06521903387257716,RUNNING
404,404,,4.9369009056022916e-06,0.015813763875596687,RUNNING
405,405,,5.012660426500543e-06,0.07582342671003017,RUNNING
406,406,,6.669466898793803e-06,0.07896086015513977,RUNNING
407,407,,6.628068210344357e-06,0.0761411054291028,RUNNING
408,408,,5.088335379125125e-06,0.07637583193955466,RUNNING
409,409,,5.021814625962286e-06,0.06753458676685149,RUNNING
410,410,,6.659981888068369e-06,0.01703721222516403,RUNNING
411,411,,4.883713721725057e-06,0.061569495058851405,RUNNING
412,412,,4.970920015305482e-06,0.07599025713208409,RUNNING
413,413,,5.1080855436935404e-06,0.06576399460477582,RUNNING
414,414,,5.105744978013623e-06,0.07646672763655224,RUNNING
415,415,,6.646621424310838e-06,0.04924000399523095,RUNNING
416,416,,9.06528807305098e-06,0.04971509854443858,RUNNING
417,417,,6.688942956393321e-06,0.017176011678630435,RUNNING
418,418,,6.6616791717380495e-06,0.06960668348036782,RUNNING
419,419,,4.548984854696476e-06,0.0697697471494176,RUNNING
420,420,,6.831270648390442e-06,0.07536747507797886,RUNNING
421,421,,6.561010294027806e-06,0.03667936512599566,RUNNING
422,422,,4.908768204418416e-06,0.0494228152413823,RUNNING
423,423,,4.498525758291625e-06,0.049748960512954694,RUNNING
424,424,,9.055520160126627e-06,0.049490463778087426,RUNNING
425,425,,6.8032577672052305e-06,0.04927648159562143,RUNNING
426,426,,4.9765199415835e-06,0.07599433715878129,RUNNING
427,427,,3.2654259570999166e-06,0.0744643168415362,RUNNING
428,428,,8.105062454760352e-06,0.07496836495237695,RUNNING
429,429,,6.715551101980043e-06,0.06805976477162838,RUNNING
430,430,,4.5971079767301514e-06,0.049752873667227554,RUNNING
431,431,,5.1558700255220874e-06,0.04927251612837432,RUNNING
432,432,,5.089233624614867e-06,0.048927932292614724,RUNNING
433,433,,3.3771540425265436e-06,0.0696975255012696,RUNNING
434,434,,4.989638877078028e-06,0.07592653907978997,RUNNING
435,435,,8.923075955127368e-07,0.04907636351209507,RUNNING
436,436,,4.8584189742055964e-06,0.07576216456722118,RUNNING
