########################### Execution Started #############################
JobId:758191.awonmgr2
UserName:coreylammie
GroupName:qris-jcu
ExecutionHost:aw124
###############################################################################
psutil is not installed. Hardware metrics will not be collected.
[32m[I 2021-09-24 13:28:25,321][0m A new study created in memory with name: no-name-398ac4ba-0ecd-4259-9f70-851dec922d39[0m
/scratch/user/coreylammie/SNN-GrapheneSynapses/Optimize.py:18: ExperimentalWarning: enqueue_trial is experimental (supported from v1.2.0). The interface can change in the future.
  study.enqueue_trial({'tau': 0.05, 'gamma': 1e-3,
/home/coreylammie/.local/lib/python3.8/site-packages/optuna/study.py:858: ExperimentalWarning: create_trial is experimental (supported from v2.0.0). The interface can change in the future.
  create_trial(state=TrialState.WAITING, system_attrs={"fixed_params": params})
/home/coreylammie/.local/lib/python3.8/site-packages/optuna/study.py:857: ExperimentalWarning: add_trial is experimental (supported from v2.0.0). The interface can change in the future.
  self.add_trial(
[32m[I 2021-09-24 15:42:40,271][0m Trial 0 finished with value: 76.94769476947695 and parameters: {'tau': 0.05, 'gamma': 0.001}. Best is trial 0 with value: 76.94769476947695.[0m
[33m[W 2021-09-24 15:42:40,321][0m Param gamma unique value length is less than 2.[0m
[32m[I 2021-09-24 17:39:46,293][0m Trial 1 finished with value: 82.34823482348234 and parameters: {'tau': 0.09137356971464283, 'gamma': 0.0051902630176951636}. Best is trial 1 with value: 82.34823482348234.[0m
[32m[I 2021-09-24 19:38:25,637][0m Trial 2 finished with value: 81.83818381838184 and parameters: {'tau': 0.09695299345995445, 'gamma': 0.003506575410186656}. Best is trial 1 with value: 82.34823482348234.[0m
[32m[I 2021-09-24 21:37:14,078][0m Trial 3 finished with value: 84.63846384638464 and parameters: {'tau': 0.07963513374162741, 'gamma': 0.00442480476419164}. Best is trial 3 with value: 84.63846384638464.[0m
[32m[I 2021-09-24 23:34:47,651][0m Trial 4 finished with value: 85.06850685068507 and parameters: {'tau': 0.08086343087143194, 'gamma': 0.0077942261151609515}. Best is trial 4 with value: 85.06850685068507.[0m
[32m[I 2021-09-25 01:18:38,124][0m Trial 5 pruned. [0m
[32m[I 2021-09-25 03:02:39,812][0m Trial 6 pruned. [0m
[32m[I 2021-09-25 04:45:01,232][0m Trial 7 pruned. [0m
[32m[I 2021-09-25 06:41:20,272][0m Trial 8 pruned. [0m
[32m[I 2021-09-25 08:29:50,423][0m Trial 9 pruned. [0m
[32m[I 2021-09-25 10:28:27,860][0m Trial 10 finished with value: 83.7083708370837 and parameters: {'tau': 0.06741720506069629, 'gamma': 0.009680624661743912}. Best is trial 4 with value: 85.06850685068507.[0m
[32m[I 2021-09-25 12:13:23,601][0m Trial 11 pruned. [0m
[32m[I 2021-09-25 14:04:07,786][0m Trial 12 pruned. [0m
[32m[I 2021-09-25 15:48:47,651][0m Trial 13 pruned. [0m
[32m[I 2021-09-25 17:48:32,177][0m Trial 14 finished with value: 83.51835183518351 and parameters: {'tau': 0.06080857996310721, 'gamma': 0.009949124415228083}. Best is trial 4 with value: 85.06850685068507.[0m
[32m[I 2021-09-25 19:50:03,225][0m Trial 15 finished with value: 84.9084908490849 and parameters: {'tau': 0.10867399190701307, 'gamma': 0.00417374327988752}. Best is trial 4 with value: 85.06850685068507.[0m
[32m[I 2021-09-25 21:33:06,730][0m Trial 16 pruned. [0m
[32m[I 2021-09-25 23:19:30,923][0m Trial 17 pruned. [0m
[32m[I 2021-09-26 01:06:56,205][0m Trial 18 pruned. [0m
[32m[I 2021-09-26 03:06:17,853][0m Trial 19 pruned. [0m
[32m[I 2021-09-26 05:07:08,258][0m Trial 20 pruned. [0m
[32m[I 2021-09-26 07:08:04,089][0m Trial 21 pruned. [0m
[32m[I 2021-09-26 09:04:21,191][0m Trial 22 finished with value: 84.78847884788479 and parameters: {'tau': 0.08390884482487174, 'gamma': 0.005623545276278803}. Best is trial 4 with value: 85.06850685068507.[0m
[32m[I 2021-09-26 10:57:34,448][0m Trial 23 finished with value: 84.78847884788479 and parameters: {'tau': 0.09984865612611804, 'gamma': 0.00609609715147964}. Best is trial 4 with value: 85.06850685068507.[0m
[32m[I 2021-09-26 12:50:25,286][0m Trial 24 finished with value: 83.42834283428343 and parameters: {'tau': 0.10278372300187538, 'gamma': 0.006854139607701733}. Best is trial 4 with value: 85.06850685068507.[0m
[32m[I 2021-09-26 14:29:29,283][0m Trial 25 pruned. [0m
[32m[I 2021-09-26 16:08:52,619][0m Trial 26 pruned. [0m
[32m[I 2021-09-26 17:48:32,651][0m Trial 27 pruned. [0m
[32m[I 2021-09-26 19:39:33,825][0m Trial 28 finished with value: 83.5883588358836 and parameters: {'tau': 0.11240755721140909, 'gamma': 0.00821847132982051}. Best is trial 4 with value: 85.06850685068507.[0m
[32m[I 2021-09-26 21:26:08,674][0m Trial 29 pruned. [0m
[32m[I 2021-09-26 23:06:52,943][0m Trial 30 pruned. [0m
[32m[I 2021-09-27 00:46:48,695][0m Trial 31 pruned. [0m
[32m[I 2021-09-27 02:25:44,898][0m Trial 32 pruned. [0m
[32m[I 2021-09-27 04:04:59,339][0m Trial 33 pruned. [0m
[32m[I 2021-09-27 05:44:07,686][0m Trial 34 pruned. [0m
[32m[I 2021-09-27 07:25:31,717][0m Trial 35 pruned. [0m
[32m[I 2021-09-27 09:04:39,679][0m Trial 36 pruned. [0m
[32m[I 2021-09-27 10:43:31,845][0m Trial 37 pruned. [0m
[32m[I 2021-09-27 12:23:00,235][0m Trial 38 pruned. [0m
[32m[I 2021-09-27 14:02:19,341][0m Trial 39 pruned. [0m
[32m[I 2021-09-27 15:41:54,378][0m Trial 40 pruned. [0m
[32m[I 2021-09-27 17:22:45,728][0m Trial 41 pruned. [0m
[32m[I 2021-09-27 19:04:50,961][0m Trial 42 pruned. [0m
[32m[I 2021-09-27 20:48:11,172][0m Trial 43 pruned. [0m
[32m[I 2021-09-27 22:32:22,294][0m Trial 44 pruned. [0m
[32m[I 2021-09-28 00:15:18,308][0m Trial 45 pruned. [0m
[32m[I 2021-09-28 01:58:36,932][0m Trial 46 pruned. [0m
[32m[I 2021-09-28 03:59:11,935][0m Trial 47 finished with value: 83.88838883888388 and parameters: {'tau': 0.09885077092951391, 'gamma': 0.005997823856019023}. Best is trial 4 with value: 85.06850685068507.[0m
[32m[I 2021-09-28 05:44:06,529][0m Trial 48 pruned. [0m
[32m[I 2021-09-28 07:30:56,201][0m Trial 49 pruned. [0m
Waiting for the remaining 42 operations to synchronize with Neptune. Do not kill this process.
Still waiting for the remaining 42 operations (0.00% done). Please wait.
########################### Job Execution History #############################
JobId:758191.awonmgr2
UserName:coreylammie
GroupName:qris-jcu
JobName:SNN-GrapheneSynapses_Optimization_100
SessionId:111426
ResourcesRequested:mem=10gb,ncpus=8,place=free,walltime=167:00:00
ResourcesUsed:cpupercent=692,cput=606:30:06,mem=571316kb,ncpus=8,vmem=2431628kb,walltime=90:03:42
QueueUsed:Single
AccountString:qris-jcu
ExitStatus:0
###############################################################################
