########################### Execution Started #############################
JobId:758193.awonmgr2
UserName:coreylammie
GroupName:qris-jcu
ExecutionHost:aw017
###############################################################################
psutil is not installed. Hardware metrics will not be collected.
[32m[I 2021-09-24 13:28:25,877][0m A new study created in memory with name: no-name-dc2ec72b-7640-4749-84dd-60311601aecc[0m
/scratch/user/coreylammie/SNN-GrapheneSynapses/Optimize.py:18: ExperimentalWarning: enqueue_trial is experimental (supported from v1.2.0). The interface can change in the future.
  study.enqueue_trial({'tau': 0.05, 'gamma': 1e-3,
/home/coreylammie/.local/lib/python3.8/site-packages/optuna/study.py:858: ExperimentalWarning: create_trial is experimental (supported from v2.0.0). The interface can change in the future.
  create_trial(state=TrialState.WAITING, system_attrs={"fixed_params": params})
/home/coreylammie/.local/lib/python3.8/site-packages/optuna/study.py:857: ExperimentalWarning: add_trial is experimental (supported from v2.0.0). The interface can change in the future.
  self.add_trial(
[32m[I 2021-09-24 15:55:23,455][0m Trial 0 finished with value: 80.37803780378037 and parameters: {'tau': 0.05, 'gamma': 0.001}. Best is trial 0 with value: 80.37803780378037.[0m
[33m[W 2021-09-24 15:55:23,511][0m Param gamma unique value length is less than 2.[0m
[32m[I 2021-09-24 18:06:18,983][0m Trial 1 finished with value: 85.26852685268527 and parameters: {'tau': 0.09137356971464283, 'gamma': 0.0051902630176951636}. Best is trial 1 with value: 85.26852685268527.[0m
[32m[I 2021-09-24 20:10:58,473][0m Trial 2 finished with value: 86.1986198619862 and parameters: {'tau': 0.09695299345995445, 'gamma': 0.003506575410186656}. Best is trial 2 with value: 86.1986198619862.[0m
[32m[I 2021-09-25 00:37:49,658][0m Trial 3 finished with value: 86.40864086408641 and parameters: {'tau': 0.07963513374162741, 'gamma': 0.00442480476419164}. Best is trial 3 with value: 86.40864086408641.[0m
[32m[I 2021-09-25 04:20:01,438][0m Trial 4 finished with value: 84.91849184918492 and parameters: {'tau': 0.08086343087143194, 'gamma': 0.0077942261151609515}. Best is trial 3 with value: 86.40864086408641.[0m
[32m[I 2021-09-25 07:29:42,172][0m Trial 5 pruned. [0m
[32m[I 2021-09-25 10:47:03,525][0m Trial 6 pruned. [0m
[32m[I 2021-09-25 14:47:23,582][0m Trial 7 finished with value: 83.8083808380838 and parameters: {'tau': 0.0933246001924851, 'gamma': 0.008425518534432113}. Best is trial 3 with value: 86.40864086408641.[0m
[32m[I 2021-09-25 18:06:32,114][0m Trial 8 pruned. [0m
[32m[I 2021-09-25 21:45:47,758][0m Trial 9 finished with value: 83.26832683268327 and parameters: {'tau': 0.051123035352583994, 'gamma': 0.006801737161546}. Best is trial 3 with value: 86.40864086408641.[0m
[32m[I 2021-09-26 00:33:00,376][0m Trial 10 pruned. [0m
[32m[I 2021-09-26 02:35:40,078][0m Trial 11 pruned. [0m
[32m[I 2021-09-26 04:38:44,874][0m Trial 12 pruned. [0m
[32m[I 2021-09-26 06:56:44,557][0m Trial 13 finished with value: 85.3985398539854 and parameters: {'tau': 0.06430845161386885, 'gamma': 0.0050152613459257455}. Best is trial 3 with value: 86.40864086408641.[0m
[32m[I 2021-09-26 08:56:21,036][0m Trial 14 pruned. [0m
[32m[I 2021-09-26 10:59:53,960][0m Trial 15 pruned. [0m
[32m[I 2021-09-26 12:50:25,962][0m Trial 16 pruned. [0m
[32m[I 2021-09-26 14:56:23,658][0m Trial 17 finished with value: 84.69846984698471 and parameters: {'tau': 0.10229471620126813, 'gamma': 0.009995207402479646}. Best is trial 3 with value: 86.40864086408641.[0m
[32m[I 2021-09-26 16:50:39,265][0m Trial 18 pruned. [0m
[32m[I 2021-09-26 18:48:26,131][0m Trial 19 pruned. [0m
[32m[I 2021-09-26 20:45:20,804][0m Trial 20 pruned. [0m
[32m[I 2021-09-26 23:00:14,901][0m Trial 21 finished with value: 85.28852885288529 and parameters: {'tau': 0.06605477856320167, 'gamma': 0.005734969054564443}. Best is trial 3 with value: 86.40864086408641.[0m
[32m[I 2021-09-27 01:00:54,270][0m Trial 22 pruned. [0m
[32m[I 2021-09-27 03:02:26,807][0m Trial 23 pruned. [0m
[32m[I 2021-09-27 05:16:31,612][0m Trial 24 finished with value: 86.32863286328633 and parameters: {'tau': 0.09700291439293407, 'gamma': 0.006244376209240726}. Best is trial 3 with value: 86.40864086408641.[0m
[32m[I 2021-09-27 07:24:12,710][0m Trial 25 finished with value: 85.26852685268527 and parameters: {'tau': 0.09626415049296788, 'gamma': 0.006440951987750799}. Best is trial 3 with value: 86.40864086408641.[0m
[32m[I 2021-09-27 09:33:30,486][0m Trial 26 finished with value: 85.63856385638564 and parameters: {'tau': 0.08819739008434774, 'gamma': 0.009688928220133966}. Best is trial 3 with value: 86.40864086408641.[0m
[32m[I 2021-09-27 11:40:20,142][0m Trial 27 finished with value: 86.03860386038605 and parameters: {'tau': 0.13252671085047396, 'gamma': 0.006507219551420143}. Best is trial 3 with value: 86.40864086408641.[0m
[32m[I 2021-09-27 13:31:18,645][0m Trial 28 pruned. [0m
[32m[I 2021-09-27 15:24:02,121][0m Trial 29 pruned. [0m
[32m[I 2021-09-27 17:30:53,353][0m Trial 30 finished with value: 86.68866886688669 and parameters: {'tau': 0.07439341926078304, 'gamma': 0.0076390882373023}. Best is trial 30 with value: 86.68866886688669.[0m
[32m[I 2021-09-27 19:21:56,248][0m Trial 31 pruned. [0m
[32m[I 2021-09-27 21:12:55,091][0m Trial 32 pruned. [0m
[32m[I 2021-09-27 23:27:32,586][0m Trial 33 finished with value: 86.41864186418641 and parameters: {'tau': 0.08765590385841784, 'gamma': 0.007160962867017172}. Best is trial 30 with value: 86.68866886688669.[0m
[32m[I 2021-09-28 01:45:28,129][0m Trial 34 finished with value: 85.95859585958596 and parameters: {'tau': 0.07785203519812621, 'gamma': 0.007522260499806212}. Best is trial 30 with value: 86.68866886688669.[0m
[32m[I 2021-09-28 04:01:12,373][0m Trial 35 finished with value: 85.82858285828583 and parameters: {'tau': 0.08712780950843844, 'gamma': 0.009251368795753365}. Best is trial 30 with value: 86.68866886688669.[0m
[32m[I 2021-09-28 06:13:35,423][0m Trial 36 finished with value: 84.91849184918492 and parameters: {'tau': 0.06899493420196073, 'gamma': 0.006005085171066289}. Best is trial 30 with value: 86.68866886688669.[0m
[32m[I 2021-09-28 08:26:54,038][0m Trial 37 finished with value: 85.32853285328534 and parameters: {'tau': 0.08433730299300038, 'gamma': 0.007264595968572198}. Best is trial 30 with value: 86.68866886688669.[0m
[32m[I 2021-09-28 10:46:19,044][0m Trial 38 finished with value: 85.21852185218522 and parameters: {'tau': 0.09176766193228948, 'gamma': 0.008283106117279143}. Best is trial 30 with value: 86.68866886688669.[0m
[32m[I 2021-09-28 12:52:12,110][0m Trial 39 pruned. [0m
[32m[I 2021-09-28 15:02:14,347][0m Trial 40 pruned. [0m
[32m[I 2021-09-28 16:56:28,254][0m Trial 41 pruned. [0m
[32m[I 2021-09-28 18:49:07,242][0m Trial 42 pruned. [0m
[32m[I 2021-09-28 20:39:09,258][0m Trial 43 pruned. [0m
[32m[I 2021-09-28 22:36:01,597][0m Trial 44 pruned. [0m
[32m[I 2021-09-29 00:27:38,357][0m Trial 45 pruned. [0m
[32m[I 2021-09-29 02:30:32,314][0m Trial 46 finished with value: 84.35843584358436 and parameters: {'tau': 0.09440126788043442, 'gamma': 0.009100845939033493}. Best is trial 30 with value: 86.68866886688669.[0m
[32m[I 2021-09-29 04:22:12,265][0m Trial 47 pruned. [0m
[32m[I 2021-09-29 06:09:14,343][0m Trial 48 pruned. [0m
[32m[I 2021-09-29 07:58:36,398][0m Trial 49 pruned. [0m
Waiting for the remaining 42 operations to synchronize with Neptune. Do not kill this process.
Still waiting for the remaining 42 operations (0.00% done). Please wait.
########################### Job Execution History #############################
JobId:758193.awonmgr2
UserName:coreylammie
GroupName:qris-jcu
JobName:SNN-GrapheneSynapses_Optimization_500
SessionId:49350
ResourcesRequested:mem=10gb,ncpus=8,place=free,walltime=167:00:00
ResourcesUsed:cpupercent=750,cput=775:04:15,mem=581820kb,ncpus=8,vmem=2499136kb,walltime=114:31:28
QueueUsed:Single
AccountString:qris-jcu
ExitStatus:0
###############################################################################
